[03-Jun-2024 22:40:18 UTC] PHP Warning:  Undefined variable $theParent in /Users/amyrowell/Local Sites/kb-consulting/app/public/wp-content/themes/kbconsulting/page.php on line 21
[03-Jun-2024 22:42:20 UTC] PHP Warning:  Undefined variable $theParent in /Users/amyrowell/Local Sites/kb-consulting/app/public/wp-content/themes/kbconsulting/page.php on line 21
[03-Jun-2024 22:42:23 UTC] PHP Warning:  Undefined variable $theParent in /Users/amyrowell/Local Sites/kb-consulting/app/public/wp-content/themes/kbconsulting/page.php on line 21
[03-Jun-2024 22:43:28 UTC] PHP Warning:  Undefined variable $theParent in /Users/amyrowell/Local Sites/kb-consulting/app/public/wp-content/themes/kbconsulting/page.php on line 21
[03-Jun-2024 22:43:29 UTC] PHP Warning:  Undefined variable $theParent in /Users/amyrowell/Local Sites/kb-consulting/app/public/wp-content/themes/kbconsulting/page.php on line 21
[03-Jun-2024 22:43:30 UTC] PHP Warning:  Undefined variable $theParent in /Users/amyrowell/Local Sites/kb-consulting/app/public/wp-content/themes/kbconsulting/page.php on line 21
[03-Jun-2024 22:43:30 UTC] PHP Warning:  Undefined variable $theParent in /Users/amyrowell/Local Sites/kb-consulting/app/public/wp-content/themes/kbconsulting/page.php on line 21
[03-Jun-2024 22:43:30 UTC] PHP Warning:  Undefined variable $theParent in /Users/amyrowell/Local Sites/kb-consulting/app/public/wp-content/themes/kbconsulting/page.php on line 21
[03-Jun-2024 22:43:30 UTC] PHP Warning:  Undefined variable $theParent in /Users/amyrowell/Local Sites/kb-consulting/app/public/wp-content/themes/kbconsulting/page.php on line 21
[03-Jun-2024 22:43:30 UTC] PHP Warning:  Undefined variable $theParent in /Users/amyrowell/Local Sites/kb-consulting/app/public/wp-content/themes/kbconsulting/page.php on line 21
[03-Jun-2024 22:43:35 UTC] PHP Warning:  Undefined variable $theParent in /Users/amyrowell/Local Sites/kb-consulting/app/public/wp-content/themes/kbconsulting/page.php on line 21
[03-Jun-2024 22:45:26 UTC] PHP Warning:  Undefined variable $theParent in /Users/amyrowell/Local Sites/kb-consulting/app/public/wp-content/themes/kbconsulting/page.php on line 21
[03-Jun-2024 22:46:19 UTC] PHP Warning:  Undefined variable $theParent in /Users/amyrowell/Local Sites/kb-consulting/app/public/wp-content/themes/kbconsulting/page.php on line 21
[03-Jun-2024 22:46:44 UTC] PHP Warning:  Undefined variable $theParent in /Users/amyrowell/Local Sites/kb-consulting/app/public/wp-content/themes/kbconsulting/page.php on line 21
[05-Jun-2024 12:45:54 UTC] PHP Deprecated:  Return type of cnb\admin\models\CnbUser::jsonSerialize() should either be compatible with JsonSerializable::jsonSerialize(): mixed, or the #[\ReturnTypeWillChange] attribute should be used to temporarily suppress the notice in /Users/amyrowell/Local Sites/kb-consulting/app/public/wp-content/plugins/call-now-button/src/admin/models/CnbUser.php on line 126
[05-Jun-2024 12:45:54 UTC] PHP Deprecated:  Return type of cnb\admin\models\CnbUserTaxId::jsonSerialize() should either be compatible with JsonSerializable::jsonSerialize(): mixed, or the #[\ReturnTypeWillChange] attribute should be used to temporarily suppress the notice in /Users/amyrowell/Local Sites/kb-consulting/app/public/wp-content/plugins/call-now-button/src/admin/models/CnbUser.php on line 172
[05-Jun-2024 12:45:54 UTC] PHP Deprecated:  Return type of cnb\admin\models\CnbUserTaxIdVerification::jsonSerialize() should either be compatible with JsonSerializable::jsonSerialize(): mixed, or the #[\ReturnTypeWillChange] attribute should be used to temporarily suppress the notice in /Users/amyrowell/Local Sites/kb-consulting/app/public/wp-content/plugins/call-now-button/src/admin/models/CnbUser.php on line 205
[05-Jun-2024 12:45:54 UTC] PHP Deprecated:  Return type of cnb\admin\models\CnbUserAddress::jsonSerialize() should either be compatible with JsonSerializable::jsonSerialize(): mixed, or the #[\ReturnTypeWillChange] attribute should be used to temporarily suppress the notice in /Users/amyrowell/Local Sites/kb-consulting/app/public/wp-content/plugins/call-now-button/src/admin/models/CnbUser.php on line 249
[05-Jun-2024 12:45:54 UTC] PHP Deprecated:  Return type of cnb\admin\models\CnbUserStripeDetails::jsonSerialize() should either be compatible with JsonSerializable::jsonSerialize(): mixed, or the #[\ReturnTypeWillChange] attribute should be used to temporarily suppress the notice in /Users/amyrowell/Local Sites/kb-consulting/app/public/wp-content/plugins/call-now-button/src/admin/models/CnbUser.php on line 283
[05-Jun-2024 12:45:54 UTC] PHP Deprecated:  Return type of cnb\admin\models\CnbUserMarketingData::jsonSerialize() should either be compatible with JsonSerializable::jsonSerialize(): mixed, or the #[\ReturnTypeWillChange] attribute should be used to temporarily suppress the notice in /Users/amyrowell/Local Sites/kb-consulting/app/public/wp-content/plugins/call-now-button/src/admin/models/CnbUser.php on line 330
[05-Jun-2024 15:35:27 UTC] PHP Warning:  An unexpected error occurred. Something may be wrong with WordPress.org or this server&#8217;s configuration. If you continue to have problems, please try the <a href="https://wordpress.org/support/forums/">support forums</a>. (WordPress could not establish a secure connection to WordPress.org. Please contact your server administrator.) in /Users/amyrowell/Local Sites/kb-consulting/app/public/wp-includes/update.php on line 205
[05-Jun-2024 20:53:16 UTC] PHP Warning:  Undefined variable $theParent in /Users/amyrowell/Local Sites/kb-consulting/app/public/wp-content/themes/kbconsulting/page.php on line 21
[05-Jun-2024 20:53:16 UTC] PHP Deprecated:  Return type of cnb\admin\models\CnbUser::jsonSerialize() should either be compatible with JsonSerializable::jsonSerialize(): mixed, or the #[\ReturnTypeWillChange] attribute should be used to temporarily suppress the notice in /Users/amyrowell/Local Sites/kb-consulting/app/public/wp-content/plugins/call-now-button/src/admin/models/CnbUser.php on line 126
[05-Jun-2024 20:53:16 UTC] PHP Deprecated:  Return type of cnb\admin\models\CnbUserTaxId::jsonSerialize() should either be compatible with JsonSerializable::jsonSerialize(): mixed, or the #[\ReturnTypeWillChange] attribute should be used to temporarily suppress the notice in /Users/amyrowell/Local Sites/kb-consulting/app/public/wp-content/plugins/call-now-button/src/admin/models/CnbUser.php on line 172
[05-Jun-2024 20:53:16 UTC] PHP Deprecated:  Return type of cnb\admin\models\CnbUserTaxIdVerification::jsonSerialize() should either be compatible with JsonSerializable::jsonSerialize(): mixed, or the #[\ReturnTypeWillChange] attribute should be used to temporarily suppress the notice in /Users/amyrowell/Local Sites/kb-consulting/app/public/wp-content/plugins/call-now-button/src/admin/models/CnbUser.php on line 205
[05-Jun-2024 20:53:16 UTC] PHP Deprecated:  Return type of cnb\admin\models\CnbUserAddress::jsonSerialize() should either be compatible with JsonSerializable::jsonSerialize(): mixed, or the #[\ReturnTypeWillChange] attribute should be used to temporarily suppress the notice in /Users/amyrowell/Local Sites/kb-consulting/app/public/wp-content/plugins/call-now-button/src/admin/models/CnbUser.php on line 249
[05-Jun-2024 20:53:16 UTC] PHP Deprecated:  Return type of cnb\admin\models\CnbUserStripeDetails::jsonSerialize() should either be compatible with JsonSerializable::jsonSerialize(): mixed, or the #[\ReturnTypeWillChange] attribute should be used to temporarily suppress the notice in /Users/amyrowell/Local Sites/kb-consulting/app/public/wp-content/plugins/call-now-button/src/admin/models/CnbUser.php on line 283
[05-Jun-2024 20:53:16 UTC] PHP Deprecated:  Return type of cnb\admin\models\CnbUserMarketingData::jsonSerialize() should either be compatible with JsonSerializable::jsonSerialize(): mixed, or the #[\ReturnTypeWillChange] attribute should be used to temporarily suppress the notice in /Users/amyrowell/Local Sites/kb-consulting/app/public/wp-content/plugins/call-now-button/src/admin/models/CnbUser.php on line 330
[06-Jun-2024 12:15:48 UTC] PHP Deprecated:  Return type of cnb\admin\models\CnbUser::jsonSerialize() should either be compatible with JsonSerializable::jsonSerialize(): mixed, or the #[\ReturnTypeWillChange] attribute should be used to temporarily suppress the notice in /Users/amyrowell/Local Sites/kb-consulting/app/public/wp-content/plugins/call-now-button/src/admin/models/CnbUser.php on line 126
[06-Jun-2024 12:15:48 UTC] PHP Deprecated:  Return type of cnb\admin\models\CnbUserTaxId::jsonSerialize() should either be compatible with JsonSerializable::jsonSerialize(): mixed, or the #[\ReturnTypeWillChange] attribute should be used to temporarily suppress the notice in /Users/amyrowell/Local Sites/kb-consulting/app/public/wp-content/plugins/call-now-button/src/admin/models/CnbUser.php on line 172
[06-Jun-2024 12:15:48 UTC] PHP Deprecated:  Return type of cnb\admin\models\CnbUserTaxIdVerification::jsonSerialize() should either be compatible with JsonSerializable::jsonSerialize(): mixed, or the #[\ReturnTypeWillChange] attribute should be used to temporarily suppress the notice in /Users/amyrowell/Local Sites/kb-consulting/app/public/wp-content/plugins/call-now-button/src/admin/models/CnbUser.php on line 205
[06-Jun-2024 12:15:48 UTC] PHP Deprecated:  Return type of cnb\admin\models\CnbUserAddress::jsonSerialize() should either be compatible with JsonSerializable::jsonSerialize(): mixed, or the #[\ReturnTypeWillChange] attribute should be used to temporarily suppress the notice in /Users/amyrowell/Local Sites/kb-consulting/app/public/wp-content/plugins/call-now-button/src/admin/models/CnbUser.php on line 249
[06-Jun-2024 12:15:48 UTC] PHP Deprecated:  Return type of cnb\admin\models\CnbUserStripeDetails::jsonSerialize() should either be compatible with JsonSerializable::jsonSerialize(): mixed, or the #[\ReturnTypeWillChange] attribute should be used to temporarily suppress the notice in /Users/amyrowell/Local Sites/kb-consulting/app/public/wp-content/plugins/call-now-button/src/admin/models/CnbUser.php on line 283
[06-Jun-2024 12:15:48 UTC] PHP Deprecated:  Return type of cnb\admin\models\CnbUserMarketingData::jsonSerialize() should either be compatible with JsonSerializable::jsonSerialize(): mixed, or the #[\ReturnTypeWillChange] attribute should be used to temporarily suppress the notice in /Users/amyrowell/Local Sites/kb-consulting/app/public/wp-content/plugins/call-now-button/src/admin/models/CnbUser.php on line 330
[06-Jun-2024 16:22:22 UTC] PHP Parse error:  syntax error, unexpected token "<" in /Users/amyrowell/Local Sites/kb-consulting/app/public/wp-content/themes/kbconsulting/page.php on line 16
[06-Jun-2024 16:35:19 UTC] PHP Parse error:  Unclosed '{' on line 5 in /Users/amyrowell/Local Sites/kb-consulting/app/public/wp-content/themes/kbconsulting/single-event.php on line 22
[06-Jun-2024 16:35:51 UTC] PHP Parse error:  Unclosed '{' on line 5 in /Users/amyrowell/Local Sites/kb-consulting/app/public/wp-content/themes/kbconsulting/single-event.php on line 22
[06-Jun-2024 16:35:53 UTC] PHP Parse error:  Unclosed '{' on line 5 in /Users/amyrowell/Local Sites/kb-consulting/app/public/wp-content/themes/kbconsulting/single-event.php on line 22
[06-Jun-2024 16:54:16 UTC] PHP Fatal error:  Allowed memory size of 268435456 bytes exhausted (tried to allocate 257966080 bytes) in /Users/amyrowell/Local Sites/kb-consulting/app/public/wp-content/themes/kbconsulting/single-event.php on line 16
[06-Jun-2024 16:54:29 UTC] PHP Fatal error:  Allowed memory size of 268435456 bytes exhausted (tried to allocate 260063232 bytes) in /Users/amyrowell/Local Sites/kb-consulting/app/public/wp-content/themes/kbconsulting/single-event.php on line 16
[06-Jun-2024 16:54:44 UTC] PHP Fatal error:  Allowed memory size of 268435456 bytes exhausted (tried to allocate 257966080 bytes) in /Users/amyrowell/Local Sites/kb-consulting/app/public/wp-content/themes/kbconsulting/single-event.php on line 16
[06-Jun-2024 16:55:22 UTC] PHP Fatal error:  Allowed memory size of 268435456 bytes exhausted (tried to allocate 257966080 bytes) in /Users/amyrowell/Local Sites/kb-consulting/app/public/wp-content/themes/kbconsulting/single-event.php on line 16
[06-Jun-2024 16:56:14 UTC] PHP Fatal error:  Allowed memory size of 268435456 bytes exhausted (tried to allocate 257966080 bytes) in /Users/amyrowell/Local Sites/kb-consulting/app/public/wp-content/themes/kbconsulting/single-event.php on line 16
[06-Jun-2024 18:29:02 UTC] PHP Warning:  mysqli_real_connect(): (HY000/2002): No such file or directory in /Users/amyrowell/Local Sites/kb-consulting/app/public/wp-includes/class-wpdb.php on line 1987
[06-Jun-2024 18:29:09 UTC] PHP Warning:  mysqli_real_connect(): (HY000/2002): No such file or directory in /Users/amyrowell/Local Sites/kb-consulting/app/public/wp-includes/class-wpdb.php on line 1987
[06-Jun-2024 18:34:11 UTC] PHP Warning:  mysqli_real_connect(): (HY000/2002): No such file or directory in /Users/amyrowell/Local Sites/kb-consulting/app/public/wp-includes/class-wpdb.php on line 1987
[06-Jun-2024 18:34:11 UTC] PHP Stack trace:
[06-Jun-2024 18:34:11 UTC] PHP   1. {main}() /Applications/Local.app/Contents/Resources/extraResources/bin/wp-cli/wp-cli.phar:0
[06-Jun-2024 18:34:11 UTC] PHP   2. include() /Applications/Local.app/Contents/Resources/extraResources/bin/wp-cli/wp-cli.phar:4
[06-Jun-2024 18:34:11 UTC] PHP   3. include() phar:///Applications/Local.app/Contents/Resources/extraResources/bin/wp-cli/wp-cli.phar/php/boot-phar.php:20
[06-Jun-2024 18:34:11 UTC] PHP   4. WP_CLI\bootstrap() phar:///Applications/Local.app/Contents/Resources/extraResources/bin/wp-cli/wp-cli.phar/vendor/wp-cli/wp-cli/php/wp-cli.php:32
[06-Jun-2024 18:34:11 UTC] PHP   5. WP_CLI\Bootstrap\LaunchRunner->process($state = class WP_CLI\Bootstrap\BootstrapState { private $state = ['context_manager' => class WP_CLI\ContextManager { ... }] }) phar:///Applications/Local.app/Contents/Resources/extraResources/bin/wp-cli/wp-cli.phar/vendor/wp-cli/wp-cli/php/bootstrap.php:83
[06-Jun-2024 18:34:11 UTC] PHP   6. WP_CLI\Runner->start() phar:///Applications/Local.app/Contents/Resources/extraResources/bin/wp-cli/wp-cli.phar/vendor/wp-cli/wp-cli/php/WP_CLI/Bootstrap/LaunchRunner.php:28
[06-Jun-2024 18:34:11 UTC] PHP   7. WP_CLI\Runner->load_wordpress() phar:///Applications/Local.app/Contents/Resources/extraResources/bin/wp-cli/wp-cli.phar/vendor/wp-cli/wp-cli/php/WP_CLI/Runner.php:1282
[06-Jun-2024 18:34:11 UTC] PHP   8. require() phar:///Applications/Local.app/Contents/Resources/extraResources/bin/wp-cli/wp-cli.phar/vendor/wp-cli/wp-cli/php/WP_CLI/Runner.php:1363
[06-Jun-2024 18:34:11 UTC] PHP   9. require_wp_db() /Users/amyrowell/Local Sites/kb-consulting/app/public/wp-settings.php:131
[06-Jun-2024 18:34:11 UTC] PHP  10. wpdb->__construct($dbuser = 'root', $dbpassword = 'root', $dbname = 'local', $dbhost = 'localhost') /Users/amyrowell/Local Sites/kb-consulting/app/public/wp-includes/load.php:687
[06-Jun-2024 18:34:11 UTC] PHP  11. wpdb->db_connect($allow_bail = *uninitialized*) /Users/amyrowell/Local Sites/kb-consulting/app/public/wp-includes/class-wpdb.php:767
[06-Jun-2024 18:34:11 UTC] PHP  12. mysqli_real_connect($mysql = class mysqli { public $client_info = 'mysqlnd 8.3.0'; public $client_version = 80300; public $connect_errno = 2002; public $connect_error = 'No such file or directory'; public $errno = 2002; public $error = 'No such file or directory' }, $hostname = 'localhost', $username = 'root', $password = '[Sensitive Parameter]', $database = NULL, $port = NULL, $socket = NULL, $flags = 0) /Users/amyrowell/Local Sites/kb-consulting/app/public/wp-includes/class-wpdb.php:1987
[06-Jun-2024 18:34:11 UTC] Xdebug: [Step Debug] Could not connect to debugging client. Tried: localhost:9003 (fallback through xdebug.client_host/xdebug.client_port).
[06-Jun-2024 18:34:11 UTC] Xdebug: [Step Debug] Could not connect to debugging client. Tried: localhost:9003 (fallback through xdebug.client_host/xdebug.client_port).
[06-Jun-2024 18:34:11 UTC] Xdebug: [Step Debug] Could not connect to debugging client. Tried: localhost:9003 (fallback through xdebug.client_host/xdebug.client_port).
[06-Jun-2024 18:34:12 UTC] PHP Warning:  mysqli_real_connect(): (HY000/2002): No such file or directory in /Users/amyrowell/Local Sites/kb-consulting/app/public/wp-includes/class-wpdb.php on line 1987
[06-Jun-2024 18:34:12 UTC] PHP Stack trace:
[06-Jun-2024 18:34:12 UTC] PHP   1. {main}() /Applications/Local.app/Contents/Resources/extraResources/bin/wp-cli/wp-cli.phar:0
[06-Jun-2024 18:34:12 UTC] PHP   2. include() /Applications/Local.app/Contents/Resources/extraResources/bin/wp-cli/wp-cli.phar:4
[06-Jun-2024 18:34:12 UTC] PHP   3. include() phar:///Applications/Local.app/Contents/Resources/extraResources/bin/wp-cli/wp-cli.phar/php/boot-phar.php:20
[06-Jun-2024 18:34:12 UTC] PHP   4. WP_CLI\bootstrap() phar:///Applications/Local.app/Contents/Resources/extraResources/bin/wp-cli/wp-cli.phar/vendor/wp-cli/wp-cli/php/wp-cli.php:32
[06-Jun-2024 18:34:12 UTC] PHP   5. WP_CLI\Bootstrap\LaunchRunner->process($state = class WP_CLI\Bootstrap\BootstrapState { private $state = ['context_manager' => class WP_CLI\ContextManager { ... }] }) phar:///Applications/Local.app/Contents/Resources/extraResources/bin/wp-cli/wp-cli.phar/vendor/wp-cli/wp-cli/php/bootstrap.php:83
[06-Jun-2024 18:34:12 UTC] PHP   6. WP_CLI\Runner->start() phar:///Applications/Local.app/Contents/Resources/extraResources/bin/wp-cli/wp-cli.phar/vendor/wp-cli/wp-cli/php/WP_CLI/Bootstrap/LaunchRunner.php:28
[06-Jun-2024 18:34:12 UTC] PHP   7. WP_CLI\Runner->load_wordpress() phar:///Applications/Local.app/Contents/Resources/extraResources/bin/wp-cli/wp-cli.phar/vendor/wp-cli/wp-cli/php/WP_CLI/Runner.php:1282
[06-Jun-2024 18:34:12 UTC] PHP   8. require() phar:///Applications/Local.app/Contents/Resources/extraResources/bin/wp-cli/wp-cli.phar/vendor/wp-cli/wp-cli/php/WP_CLI/Runner.php:1363
[06-Jun-2024 18:34:12 UTC] PHP   9. require_wp_db() /Users/amyrowell/Local Sites/kb-consulting/app/public/wp-settings.php:131
[06-Jun-2024 18:34:12 UTC] PHP  10. wpdb->__construct($dbuser = 'root', $dbpassword = 'root', $dbname = 'local', $dbhost = 'localhost') /Users/amyrowell/Local Sites/kb-consulting/app/public/wp-includes/load.php:687
[06-Jun-2024 18:34:12 UTC] PHP  11. wpdb->db_connect($allow_bail = *uninitialized*) /Users/amyrowell/Local Sites/kb-consulting/app/public/wp-includes/class-wpdb.php:767
[06-Jun-2024 18:34:12 UTC] PHP  12. mysqli_real_connect($mysql = class mysqli { public $client_info = 'mysqlnd 8.3.0'; public $client_version = 80300; public $connect_errno = 2002; public $connect_error = 'No such file or directory'; public $errno = 2002; public $error = 'No such file or directory' }, $hostname = 'localhost', $username = 'root', $password = '[Sensitive Parameter]', $database = NULL, $port = NULL, $socket = NULL, $flags = 0) /Users/amyrowell/Local Sites/kb-consulting/app/public/wp-includes/class-wpdb.php:1987
[06-Jun-2024 18:34:12 UTC] Xdebug: [Step Debug] Could not connect to debugging client. Tried: localhost:9003 (fallback through xdebug.client_host/xdebug.client_port).
[06-Jun-2024 18:34:12 UTC] Xdebug: [Step Debug] Could not connect to debugging client. Tried: localhost:9003 (fallback through xdebug.client_host/xdebug.client_port).
[06-Jun-2024 18:34:12 UTC] Xdebug: [Step Debug] Could not connect to debugging client. Tried: localhost:9003 (fallback through xdebug.client_host/xdebug.client_port).
[06-Jun-2024 18:34:12 UTC] Xdebug: [Step Debug] Could not connect to debugging client. Tried: localhost:9003 (fallback through xdebug.client_host/xdebug.client_port).
[06-Jun-2024 18:34:12 UTC] Xdebug: [Step Debug] Could not connect to debugging client. Tried: localhost:9003 (fallback through xdebug.client_host/xdebug.client_port).
[06-Jun-2024 18:34:12 UTC] Xdebug: [Step Debug] Could not connect to debugging client. Tried: localhost:9003 (fallback through xdebug.client_host/xdebug.client_port).
[06-Jun-2024 18:34:12 UTC] Xdebug: [Step Debug] Could not connect to debugging client. Tried: localhost:9003 (fallback through xdebug.client_host/xdebug.client_port).
[06-Jun-2024 18:34:13 UTC] Xdebug: [Step Debug] Could not connect to debugging client. Tried: ::1:9003 (from REMOTE_ADDR HTTP header), localhost:9003 (fallback through xdebug.client_host/xdebug.client_port).
[06-Jun-2024 18:34:13 UTC] Xdebug: [Step Debug] Could not connect to debugging client. Tried: ::1:9003 (from REMOTE_ADDR HTTP header), localhost:9003 (fallback through xdebug.client_host/xdebug.client_port).
[06-Jun-2024 18:34:13 UTC] Xdebug: [Step Debug] Could not connect to debugging client. Tried: ::1:9003 (from REMOTE_ADDR HTTP header), localhost:9003 (fallback through xdebug.client_host/xdebug.client_port).
[06-Jun-2024 18:34:13 UTC] Xdebug: [Step Debug] Could not connect to debugging client. Tried: ::1:9003 (from REMOTE_ADDR HTTP header), localhost:9003 (fallback through xdebug.client_host/xdebug.client_port).
[06-Jun-2024 18:34:13 UTC] Xdebug: [Step Debug] Could not connect to debugging client. Tried: ::1:9003 (from REMOTE_ADDR HTTP header), localhost:9003 (fallback through xdebug.client_host/xdebug.client_port).
[06-Jun-2024 18:34:13 UTC] Xdebug: [Step Debug] Could not connect to debugging client. Tried: ::1:9003 (from REMOTE_ADDR HTTP header), localhost:9003 (fallback through xdebug.client_host/xdebug.client_port).
[06-Jun-2024 18:34:13 UTC] Xdebug: [Step Debug] Could not connect to debugging client. Tried: ::1:9003 (from REMOTE_ADDR HTTP header), localhost:9003 (fallback through xdebug.client_host/xdebug.client_port).
[06-Jun-2024 18:34:13 UTC] Xdebug: [Step Debug] Could not connect to debugging client. Tried: ::1:9003 (from REMOTE_ADDR HTTP header), localhost:9003 (fallback through xdebug.client_host/xdebug.client_port).
[06-Jun-2024 18:34:13 UTC] Xdebug: [Step Debug] Could not connect to debugging client. Tried: ::1:9003 (from REMOTE_ADDR HTTP header), localhost:9003 (fallback through xdebug.client_host/xdebug.client_port).
[06-Jun-2024 18:34:13 UTC] Xdebug: [Step Debug] Could not connect to debugging client. Tried: localhost:9003 (fallback through xdebug.client_host/xdebug.client_port).
[06-Jun-2024 18:34:13 UTC] Xdebug: [Step Debug] Could not connect to debugging client. Tried: localhost:9003 (fallback through xdebug.client_host/xdebug.client_port).
[06-Jun-2024 18:34:13 UTC] Xdebug: [Step Debug] Could not connect to debugging client. Tried: localhost:9003 (fallback through xdebug.client_host/xdebug.client_port).
[06-Jun-2024 18:34:13 UTC] Xdebug: [Step Debug] Could not connect to debugging client. Tried: localhost:9003 (fallback through xdebug.client_host/xdebug.client_port).
[06-Jun-2024 18:34:14 UTC] Xdebug: [Step Debug] Could not connect to debugging client. Tried: ::1:9003 (from REMOTE_ADDR HTTP header), localhost:9003 (fallback through xdebug.client_host/xdebug.client_port).
[06-Jun-2024 18:34:14 UTC] Xdebug: [Step Debug] Could not connect to debugging client. Tried: ::1:9003 (from REMOTE_ADDR HTTP header), localhost:9003 (fallback through xdebug.client_host/xdebug.client_port).
[06-Jun-2024 18:34:14 UTC] Xdebug: [Step Debug] Could not connect to debugging client. Tried: ::1:9003 (from REMOTE_ADDR HTTP header), localhost:9003 (fallback through xdebug.client_host/xdebug.client_port).
[06-Jun-2024 18:34:18 UTC] Xdebug: [Step Debug] Could not connect to debugging client. Tried: ::1:9003 (from REMOTE_ADDR HTTP header), localhost:9003 (fallback through xdebug.client_host/xdebug.client_port).
[06-Jun-2024 18:34:18 UTC] Xdebug: [Step Debug] Could not connect to debugging client. Tried: ::1:9003 (from REMOTE_ADDR HTTP header), localhost:9003 (fallback through xdebug.client_host/xdebug.client_port).
[06-Jun-2024 18:34:18 UTC] Xdebug: [Step Debug] Could not connect to debugging client. Tried: ::1:9003 (from REMOTE_ADDR HTTP header), localhost:9003 (fallback through xdebug.client_host/xdebug.client_port).
[06-Jun-2024 18:34:24 UTC] Xdebug: [Step Debug] Could not connect to debugging client. Tried: ::1:9003 (from REMOTE_ADDR HTTP header), localhost:9003 (fallback through xdebug.client_host/xdebug.client_port).
[06-Jun-2024 18:34:24 UTC] Xdebug: [Step Debug] Could not connect to debugging client. Tried: ::1:9003 (from REMOTE_ADDR HTTP header), localhost:9003 (fallback through xdebug.client_host/xdebug.client_port).
[06-Jun-2024 18:34:24 UTC] Xdebug: [Step Debug] Could not connect to debugging client. Tried: ::1:9003 (from REMOTE_ADDR HTTP header), localhost:9003 (fallback through xdebug.client_host/xdebug.client_port).
[06-Jun-2024 18:34:24 UTC] Xdebug: [Step Debug] Could not connect to debugging client. Tried: ::1:9003 (from REMOTE_ADDR HTTP header), localhost:9003 (fallback through xdebug.client_host/xdebug.client_port).
[06-Jun-2024 18:34:24 UTC] Xdebug: [Step Debug] Could not connect to debugging client. Tried: ::1:9003 (from REMOTE_ADDR HTTP header), localhost:9003 (fallback through xdebug.client_host/xdebug.client_port).
[06-Jun-2024 18:34:24 UTC] Xdebug: [Step Debug] Could not connect to debugging client. Tried: ::1:9003 (from REMOTE_ADDR HTTP header), localhost:9003 (fallback through xdebug.client_host/xdebug.client_port).
[06-Jun-2024 18:34:29 UTC] Xdebug: [Step Debug] Could not connect to debugging client. Tried: ::1:9003 (from REMOTE_ADDR HTTP header), localhost:9003 (fallback through xdebug.client_host/xdebug.client_port).
[06-Jun-2024 18:34:29 UTC] Xdebug: [Step Debug] Could not connect to debugging client. Tried: ::1:9003 (from REMOTE_ADDR HTTP header), localhost:9003 (fallback through xdebug.client_host/xdebug.client_port).
[06-Jun-2024 18:34:29 UTC] Xdebug: [Step Debug] Could not connect to debugging client. Tried: ::1:9003 (from REMOTE_ADDR HTTP header), localhost:9003 (fallback through xdebug.client_host/xdebug.client_port).
[06-Jun-2024 18:34:49 UTC] Xdebug: [Step Debug] Could not connect to debugging client. Tried: ::1:9003 (from REMOTE_ADDR HTTP header), localhost:9003 (fallback through xdebug.client_host/xdebug.client_port).
[06-Jun-2024 18:34:49 UTC] Xdebug: [Step Debug] Could not connect to debugging client. Tried: ::1:9003 (from REMOTE_ADDR HTTP header), localhost:9003 (fallback through xdebug.client_host/xdebug.client_port).
[06-Jun-2024 18:34:49 UTC] Xdebug: [Step Debug] Could not connect to debugging client. Tried: ::1:9003 (from REMOTE_ADDR HTTP header), localhost:9003 (fallback through xdebug.client_host/xdebug.client_port).
[06-Jun-2024 18:34:49 UTC] Xdebug: [Step Debug] Could not connect to debugging client. Tried: ::1:9003 (from REMOTE_ADDR HTTP header), localhost:9003 (fallback through xdebug.client_host/xdebug.client_port).
[06-Jun-2024 18:34:49 UTC] Xdebug: [Step Debug] Could not connect to debugging client. Tried: ::1:9003 (from REMOTE_ADDR HTTP header), localhost:9003 (fallback through xdebug.client_host/xdebug.client_port).
[06-Jun-2024 18:34:49 UTC] Xdebug: [Step Debug] Could not connect to debugging client. Tried: ::1:9003 (from REMOTE_ADDR HTTP header), localhost:9003 (fallback through xdebug.client_host/xdebug.client_port).
[06-Jun-2024 18:34:49 UTC] Xdebug: [Step Debug] Could not connect to debugging client. Tried: ::1:9003 (from REMOTE_ADDR HTTP header), localhost:9003 (fallback through xdebug.client_host/xdebug.client_port).
[06-Jun-2024 18:34:49 UTC] Xdebug: [Step Debug] Could not connect to debugging client. Tried: ::1:9003 (from REMOTE_ADDR HTTP header), localhost:9003 (fallback through xdebug.client_host/xdebug.client_port).
[06-Jun-2024 18:34:49 UTC] Xdebug: [Step Debug] Could not connect to debugging client. Tried: ::1:9003 (from REMOTE_ADDR HTTP header), localhost:9003 (fallback through xdebug.client_host/xdebug.client_port).
[06-Jun-2024 18:34:59 UTC] Xdebug: [Step Debug] Could not connect to debugging client. Tried: ::1:9003 (from REMOTE_ADDR HTTP header), localhost:9003 (fallback through xdebug.client_host/xdebug.client_port).
[06-Jun-2024 18:34:59 UTC] Xdebug: [Step Debug] Could not connect to debugging client. Tried: ::1:9003 (from REMOTE_ADDR HTTP header), localhost:9003 (fallback through xdebug.client_host/xdebug.client_port).
[06-Jun-2024 18:34:59 UTC] Xdebug: [Step Debug] Could not connect to debugging client. Tried: ::1:9003 (from REMOTE_ADDR HTTP header), localhost:9003 (fallback through xdebug.client_host/xdebug.client_port).
[06-Jun-2024 18:34:59 UTC] Xdebug: [Step Debug] Could not connect to debugging client. Tried: ::1:9003 (from REMOTE_ADDR HTTP header), localhost:9003 (fallback through xdebug.client_host/xdebug.client_port).
[06-Jun-2024 18:34:59 UTC] Xdebug: [Step Debug] Could not connect to debugging client. Tried: ::1:9003 (from REMOTE_ADDR HTTP header), localhost:9003 (fallback through xdebug.client_host/xdebug.client_port).
[06-Jun-2024 18:34:59 UTC] Xdebug: [Step Debug] Could not connect to debugging client. Tried: ::1:9003 (from REMOTE_ADDR HTTP header), localhost:9003 (fallback through xdebug.client_host/xdebug.client_port).
[06-Jun-2024 18:35:01 UTC] Xdebug: [Step Debug] Could not connect to debugging client. Tried: ::1:9003 (from REMOTE_ADDR HTTP header), localhost:9003 (fallback through xdebug.client_host/xdebug.client_port).
[06-Jun-2024 18:35:01 UTC] Xdebug: [Step Debug] Could not connect to debugging client. Tried: ::1:9003 (from REMOTE_ADDR HTTP header), localhost:9003 (fallback through xdebug.client_host/xdebug.client_port).
[06-Jun-2024 18:35:01 UTC] Xdebug: [Step Debug] Could not connect to debugging client. Tried: ::1:9003 (from REMOTE_ADDR HTTP header), localhost:9003 (fallback through xdebug.client_host/xdebug.client_port).
[06-Jun-2024 18:35:03 UTC] Xdebug: [Step Debug] Could not connect to debugging client. Tried: ::1:9003 (from REMOTE_ADDR HTTP header), localhost:9003 (fallback through xdebug.client_host/xdebug.client_port).
[06-Jun-2024 18:35:03 UTC] Xdebug: [Step Debug] Could not connect to debugging client. Tried: ::1:9003 (from REMOTE_ADDR HTTP header), localhost:9003 (fallback through xdebug.client_host/xdebug.client_port).
[06-Jun-2024 18:35:03 UTC] Xdebug: [Step Debug] Could not connect to debugging client. Tried: ::1:9003 (from REMOTE_ADDR HTTP header), localhost:9003 (fallback through xdebug.client_host/xdebug.client_port).
[06-Jun-2024 18:35:34 UTC] Xdebug: [Step Debug] Could not connect to debugging client. Tried: ::1:9003 (from REMOTE_ADDR HTTP header), localhost:9003 (fallback through xdebug.client_host/xdebug.client_port).
[06-Jun-2024 18:35:34 UTC] Xdebug: [Step Debug] Could not connect to debugging client. Tried: ::1:9003 (from REMOTE_ADDR HTTP header), localhost:9003 (fallback through xdebug.client_host/xdebug.client_port).
[06-Jun-2024 18:35:34 UTC] Xdebug: [Step Debug] Could not connect to debugging client. Tried: ::1:9003 (from REMOTE_ADDR HTTP header), localhost:9003 (fallback through xdebug.client_host/xdebug.client_port).
[06-Jun-2024 18:35:36 UTC] Xdebug: [Step Debug] Could not connect to debugging client. Tried: ::1:9003 (from REMOTE_ADDR HTTP header), localhost:9003 (fallback through xdebug.client_host/xdebug.client_port).
[06-Jun-2024 18:35:36 UTC] Xdebug: [Step Debug] Could not connect to debugging client. Tried: ::1:9003 (from REMOTE_ADDR HTTP header), localhost:9003 (fallback through xdebug.client_host/xdebug.client_port).
[06-Jun-2024 18:35:36 UTC] Xdebug: [Step Debug] Could not connect to debugging client. Tried: ::1:9003 (from REMOTE_ADDR HTTP header), localhost:9003 (fallback through xdebug.client_host/xdebug.client_port).
[06-Jun-2024 18:35:36 UTC] Xdebug: [Step Debug] Could not connect to debugging client. Tried: ::1:9003 (from REMOTE_ADDR HTTP header), localhost:9003 (fallback through xdebug.client_host/xdebug.client_port).
[06-Jun-2024 18:35:36 UTC] Xdebug: [Step Debug] Could not connect to debugging client. Tried: ::1:9003 (from REMOTE_ADDR HTTP header), localhost:9003 (fallback through xdebug.client_host/xdebug.client_port).
[06-Jun-2024 18:35:36 UTC] Xdebug: [Step Debug] Could not connect to debugging client. Tried: ::1:9003 (from REMOTE_ADDR HTTP header), localhost:9003 (fallback through xdebug.client_host/xdebug.client_port).
[06-Jun-2024 18:35:38 UTC] Xdebug: [Step Debug] Could not connect to debugging client. Tried: ::1:9003 (from REMOTE_ADDR HTTP header), localhost:9003 (fallback through xdebug.client_host/xdebug.client_port).
[06-Jun-2024 18:35:38 UTC] Xdebug: [Step Debug] Could not connect to debugging client. Tried: ::1:9003 (from REMOTE_ADDR HTTP header), localhost:9003 (fallback through xdebug.client_host/xdebug.client_port).
[06-Jun-2024 18:35:38 UTC] Xdebug: [Step Debug] Could not connect to debugging client. Tried: ::1:9003 (from REMOTE_ADDR HTTP header), localhost:9003 (fallback through xdebug.client_host/xdebug.client_port).
[06-Jun-2024 18:35:39 UTC] Xdebug: [Step Debug] Could not connect to debugging client. Tried: ::1:9003 (from REMOTE_ADDR HTTP header), localhost:9003 (fallback through xdebug.client_host/xdebug.client_port).
[06-Jun-2024 18:35:39 UTC] Xdebug: [Step Debug] Could not connect to debugging client. Tried: ::1:9003 (from REMOTE_ADDR HTTP header), localhost:9003 (fallback through xdebug.client_host/xdebug.client_port).
[06-Jun-2024 18:35:39 UTC] Xdebug: [Step Debug] Could not connect to debugging client. Tried: ::1:9003 (from REMOTE_ADDR HTTP header), localhost:9003 (fallback through xdebug.client_host/xdebug.client_port).
[06-Jun-2024 18:35:55 UTC] Xdebug: [Step Debug] Could not connect to debugging client. Tried: ::1:9003 (from REMOTE_ADDR HTTP header), localhost:9003 (fallback through xdebug.client_host/xdebug.client_port).
[06-Jun-2024 18:35:55 UTC] Xdebug: [Step Debug] Could not connect to debugging client. Tried: ::1:9003 (from REMOTE_ADDR HTTP header), localhost:9003 (fallback through xdebug.client_host/xdebug.client_port).
[06-Jun-2024 18:35:55 UTC] Xdebug: [Step Debug] Could not connect to debugging client. Tried: ::1:9003 (from REMOTE_ADDR HTTP header), localhost:9003 (fallback through xdebug.client_host/xdebug.client_port).
[06-Jun-2024 18:37:56 UTC] Xdebug: [Step Debug] Could not connect to debugging client. Tried: ::1:9003 (from REMOTE_ADDR HTTP header), localhost:9003 (fallback through xdebug.client_host/xdebug.client_port).
[06-Jun-2024 18:37:56 UTC] Xdebug: [Step Debug] Could not connect to debugging client. Tried: ::1:9003 (from REMOTE_ADDR HTTP header), localhost:9003 (fallback through xdebug.client_host/xdebug.client_port).
[06-Jun-2024 18:37:56 UTC] Xdebug: [Step Debug] Could not connect to debugging client. Tried: ::1:9003 (from REMOTE_ADDR HTTP header), localhost:9003 (fallback through xdebug.client_host/xdebug.client_port).
[06-Jun-2024 18:39:57 UTC] Xdebug: [Step Debug] Could not connect to debugging client. Tried: ::1:9003 (from REMOTE_ADDR HTTP header), localhost:9003 (fallback through xdebug.client_host/xdebug.client_port).
[06-Jun-2024 18:39:57 UTC] Xdebug: [Step Debug] Could not connect to debugging client. Tried: ::1:9003 (from REMOTE_ADDR HTTP header), localhost:9003 (fallback through xdebug.client_host/xdebug.client_port).
[06-Jun-2024 18:39:57 UTC] Xdebug: [Step Debug] Could not connect to debugging client. Tried: ::1:9003 (from REMOTE_ADDR HTTP header), localhost:9003 (fallback through xdebug.client_host/xdebug.client_port).
[06-Jun-2024 18:41:56 UTC] Xdebug: [Step Debug] Could not connect to debugging client. Tried: ::1:9003 (from REMOTE_ADDR HTTP header), localhost:9003 (fallback through xdebug.client_host/xdebug.client_port).
[06-Jun-2024 18:41:56 UTC] Xdebug: [Step Debug] Could not connect to debugging client. Tried: ::1:9003 (from REMOTE_ADDR HTTP header), localhost:9003 (fallback through xdebug.client_host/xdebug.client_port).
[06-Jun-2024 18:41:56 UTC] Xdebug: [Step Debug] Could not connect to debugging client. Tried: ::1:9003 (from REMOTE_ADDR HTTP header), localhost:9003 (fallback through xdebug.client_host/xdebug.client_port).
[06-Jun-2024 18:42:12 UTC] Xdebug: [Step Debug] Could not connect to debugging client. Tried: ::1:9003 (from REMOTE_ADDR HTTP header), localhost:9003 (fallback through xdebug.client_host/xdebug.client_port).
[06-Jun-2024 18:42:12 UTC] Xdebug: [Step Debug] Could not connect to debugging client. Tried: ::1:9003 (from REMOTE_ADDR HTTP header), localhost:9003 (fallback through xdebug.client_host/xdebug.client_port).
[06-Jun-2024 18:42:12 UTC] Xdebug: [Step Debug] Could not connect to debugging client. Tried: ::1:9003 (from REMOTE_ADDR HTTP header), localhost:9003 (fallback through xdebug.client_host/xdebug.client_port).
[06-Jun-2024 18:44:13 UTC] Xdebug: [Step Debug] Could not connect to debugging client. Tried: ::1:9003 (from REMOTE_ADDR HTTP header), localhost:9003 (fallback through xdebug.client_host/xdebug.client_port).
[06-Jun-2024 18:44:13 UTC] Xdebug: [Step Debug] Could not connect to debugging client. Tried: ::1:9003 (from REMOTE_ADDR HTTP header), localhost:9003 (fallback through xdebug.client_host/xdebug.client_port).
[06-Jun-2024 18:44:13 UTC] Xdebug: [Step Debug] Could not connect to debugging client. Tried: ::1:9003 (from REMOTE_ADDR HTTP header), localhost:9003 (fallback through xdebug.client_host/xdebug.client_port).
[06-Jun-2024 18:46:14 UTC] Xdebug: [Step Debug] Could not connect to debugging client. Tried: ::1:9003 (from REMOTE_ADDR HTTP header), localhost:9003 (fallback through xdebug.client_host/xdebug.client_port).
[06-Jun-2024 18:46:14 UTC] Xdebug: [Step Debug] Could not connect to debugging client. Tried: ::1:9003 (from REMOTE_ADDR HTTP header), localhost:9003 (fallback through xdebug.client_host/xdebug.client_port).
[06-Jun-2024 18:46:14 UTC] Xdebug: [Step Debug] Could not connect to debugging client. Tried: ::1:9003 (from REMOTE_ADDR HTTP header), localhost:9003 (fallback through xdebug.client_host/xdebug.client_port).
[06-Jun-2024 18:48:14 UTC] Xdebug: [Step Debug] Could not connect to debugging client. Tried: ::1:9003 (from REMOTE_ADDR HTTP header), localhost:9003 (fallback through xdebug.client_host/xdebug.client_port).
[06-Jun-2024 18:48:14 UTC] Xdebug: [Step Debug] Could not connect to debugging client. Tried: ::1:9003 (from REMOTE_ADDR HTTP header), localhost:9003 (fallback through xdebug.client_host/xdebug.client_port).
[06-Jun-2024 18:48:14 UTC] Xdebug: [Step Debug] Could not connect to debugging client. Tried: ::1:9003 (from REMOTE_ADDR HTTP header), localhost:9003 (fallback through xdebug.client_host/xdebug.client_port).
[06-Jun-2024 18:50:16 UTC] Xdebug: [Step Debug] Could not connect to debugging client. Tried: ::1:9003 (from REMOTE_ADDR HTTP header), localhost:9003 (fallback through xdebug.client_host/xdebug.client_port).
[06-Jun-2024 18:50:16 UTC] Xdebug: [Step Debug] Could not connect to debugging client. Tried: ::1:9003 (from REMOTE_ADDR HTTP header), localhost:9003 (fallback through xdebug.client_host/xdebug.client_port).
[06-Jun-2024 18:50:16 UTC] Xdebug: [Step Debug] Could not connect to debugging client. Tried: ::1:9003 (from REMOTE_ADDR HTTP header), localhost:9003 (fallback through xdebug.client_host/xdebug.client_port).
[06-Jun-2024 18:52:16 UTC] Xdebug: [Step Debug] Could not connect to debugging client. Tried: ::1:9003 (from REMOTE_ADDR HTTP header), localhost:9003 (fallback through xdebug.client_host/xdebug.client_port).
[06-Jun-2024 18:52:16 UTC] Xdebug: [Step Debug] Could not connect to debugging client. Tried: ::1:9003 (from REMOTE_ADDR HTTP header), localhost:9003 (fallback through xdebug.client_host/xdebug.client_port).
[06-Jun-2024 18:52:16 UTC] Xdebug: [Step Debug] Could not connect to debugging client. Tried: ::1:9003 (from REMOTE_ADDR HTTP header), localhost:9003 (fallback through xdebug.client_host/xdebug.client_port).
[06-Jun-2024 19:04:02 UTC] Xdebug: [Step Debug] Could not connect to debugging client. Tried: localhost:9003 (fallback through xdebug.client_host/xdebug.client_port).
[06-Jun-2024 19:04:02 UTC] Xdebug: [Step Debug] Could not connect to debugging client. Tried: localhost:9003 (fallback through xdebug.client_host/xdebug.client_port).
[06-Jun-2024 19:04:02 UTC] Xdebug: [Step Debug] Could not connect to debugging client. Tried: localhost:9003 (fallback through xdebug.client_host/xdebug.client_port).
[06-Jun-2024 19:04:02 UTC] Xdebug: [Step Debug] Could not connect to debugging client. Tried: localhost:9003 (fallback through xdebug.client_host/xdebug.client_port).
[06-Jun-2024 19:04:02 UTC] Xdebug: [Step Debug] Could not connect to debugging client. Tried: localhost:9003 (fallback through xdebug.client_host/xdebug.client_port).
[06-Jun-2024 19:04:02 UTC] Xdebug: [Step Debug] Could not connect to debugging client. Tried: localhost:9003 (fallback through xdebug.client_host/xdebug.client_port).
[06-Jun-2024 19:04:02 UTC] Xdebug: [Step Debug] Could not connect to debugging client. Tried: localhost:9003 (fallback through xdebug.client_host/xdebug.client_port).
[06-Jun-2024 19:04:02 UTC] Xdebug: [Step Debug] Could not connect to debugging client. Tried: localhost:9003 (fallback through xdebug.client_host/xdebug.client_port).
[06-Jun-2024 19:04:02 UTC] Xdebug: [Step Debug] Could not connect to debugging client. Tried: localhost:9003 (fallback through xdebug.client_host/xdebug.client_port).
[06-Jun-2024 19:04:02 UTC] Xdebug: [Step Debug] Could not connect to debugging client. Tried: localhost:9003 (fallback through xdebug.client_host/xdebug.client_port).
[06-Jun-2024 19:04:02 UTC] Xdebug: [Step Debug] Could not connect to debugging client. Tried: localhost:9003 (fallback through xdebug.client_host/xdebug.client_port).
[06-Jun-2024 19:04:02 UTC] Xdebug: [Step Debug] Could not connect to debugging client. Tried: localhost:9003 (fallback through xdebug.client_host/xdebug.client_port).
[06-Jun-2024 19:04:02 UTC] Xdebug: [Step Debug] Could not connect to debugging client. Tried: localhost:9003 (fallback through xdebug.client_host/xdebug.client_port).
[06-Jun-2024 19:04:02 UTC] Xdebug: [Step Debug] Could not connect to debugging client. Tried: localhost:9003 (fallback through xdebug.client_host/xdebug.client_port).
[06-Jun-2024 19:04:02 UTC] Xdebug: [Step Debug] Could not connect to debugging client. Tried: localhost:9003 (fallback through xdebug.client_host/xdebug.client_port).
[06-Jun-2024 19:04:02 UTC] Xdebug: [Step Debug] Could not connect to debugging client. Tried: localhost:9003 (fallback through xdebug.client_host/xdebug.client_port).
[06-Jun-2024 19:04:02 UTC] Xdebug: [Step Debug] Could not connect to debugging client. Tried: localhost:9003 (fallback through xdebug.client_host/xdebug.client_port).
[06-Jun-2024 19:04:02 UTC] Xdebug: [Step Debug] Could not connect to debugging client. Tried: localhost:9003 (fallback through xdebug.client_host/xdebug.client_port).
[06-Jun-2024 19:04:02 UTC] Xdebug: [Step Debug] Could not connect to debugging client. Tried: localhost:9003 (fallback through xdebug.client_host/xdebug.client_port).
[06-Jun-2024 19:04:02 UTC] Xdebug: [Step Debug] Could not connect to debugging client. Tried: localhost:9003 (fallback through xdebug.client_host/xdebug.client_port).
[06-Jun-2024 19:04:02 UTC] Xdebug: [Step Debug] Could not connect to debugging client. Tried: localhost:9003 (fallback through xdebug.client_host/xdebug.client_port).
[06-Jun-2024 19:04:02 UTC] Xdebug: [Step Debug] Could not connect to debugging client. Tried: localhost:9003 (fallback through xdebug.client_host/xdebug.client_port).
[06-Jun-2024 19:04:02 UTC] Xdebug: [Step Debug] Could not connect to debugging client. Tried: localhost:9003 (fallback through xdebug.client_host/xdebug.client_port).
[06-Jun-2024 19:04:02 UTC] Xdebug: [Step Debug] Could not connect to debugging client. Tried: localhost:9003 (fallback through xdebug.client_host/xdebug.client_port).
[06-Jun-2024 19:04:03 UTC] PHP Fatal error:  Uncaught Error: Call to undefined function get_field() in /Users/amyrowell/Local Sites/kb-consulting/app/public/wp-content/themes/kbconsulting/front-page.php:33
Stack trace:
#0 /Users/amyrowell/Local Sites/kb-consulting/app/public/wp-includes/template-loader.php(106): include()
#1 /Users/amyrowell/Local Sites/kb-consulting/app/public/wp-blog-header.php(19): require_once('/Users/amyrowel...')
#2 /Users/amyrowell/Local Sites/kb-consulting/app/public/index.php(17): require('/Users/amyrowel...')
#3 {main}
  thrown in /Users/amyrowell/Local Sites/kb-consulting/app/public/wp-content/themes/kbconsulting/front-page.php on line 33
[06-Jun-2024 19:04:03 UTC] Xdebug: [Step Debug] Could not connect to debugging client. Tried: ::1:9003 (from REMOTE_ADDR HTTP header), localhost:9003 (fallback through xdebug.client_host/xdebug.client_port).
[06-Jun-2024 19:04:03 UTC] Xdebug: [Step Debug] Could not connect to debugging client. Tried: ::1:9003 (from REMOTE_ADDR HTTP header), localhost:9003 (fallback through xdebug.client_host/xdebug.client_port).
[06-Jun-2024 19:04:03 UTC] Xdebug: [Step Debug] Could not connect to debugging client. Tried: ::1:9003 (from REMOTE_ADDR HTTP header), localhost:9003 (fallback through xdebug.client_host/xdebug.client_port).
[06-Jun-2024 19:04:03 UTC] Xdebug: [Step Debug] Could not connect to debugging client. Tried: ::1:9003 (from REMOTE_ADDR HTTP header), localhost:9003 (fallback through xdebug.client_host/xdebug.client_port).
[06-Jun-2024 19:04:21 UTC] PHP Fatal error:  Uncaught Error: Call to undefined function get_field() in /Users/amyrowell/Local Sites/kb-consulting/app/public/wp-content/themes/kbconsulting/front-page.php:33
Stack trace:
#0 /Users/amyrowell/Local Sites/kb-consulting/app/public/wp-includes/template-loader.php(106): include()
#1 /Users/amyrowell/Local Sites/kb-consulting/app/public/wp-blog-header.php(19): require_once('/Users/amyrowel...')
#2 /Users/amyrowell/Local Sites/kb-consulting/app/public/index.php(17): require('/Users/amyrowel...')
#3 {main}
  thrown in /Users/amyrowell/Local Sites/kb-consulting/app/public/wp-content/themes/kbconsulting/front-page.php on line 33
[06-Jun-2024 19:04:21 UTC] Xdebug: [Step Debug] Could not connect to debugging client. Tried: ::1:9003 (from REMOTE_ADDR HTTP header), localhost:9003 (fallback through xdebug.client_host/xdebug.client_port).
[06-Jun-2024 19:04:21 UTC] Xdebug: [Step Debug] Could not connect to debugging client. Tried: ::1:9003 (from REMOTE_ADDR HTTP header), localhost:9003 (fallback through xdebug.client_host/xdebug.client_port).
[06-Jun-2024 19:04:21 UTC] Xdebug: [Step Debug] Could not connect to debugging client. Tried: ::1:9003 (from REMOTE_ADDR HTTP header), localhost:9003 (fallback through xdebug.client_host/xdebug.client_port).
[06-Jun-2024 19:04:21 UTC] Xdebug: [Step Debug] Could not connect to debugging client. Tried: ::1:9003 (from REMOTE_ADDR HTTP header), localhost:9003 (fallback through xdebug.client_host/xdebug.client_port).
[06-Jun-2024 19:04:23 UTC] Xdebug: [Step Debug] Could not connect to debugging client. Tried: ::1:9003 (from REMOTE_ADDR HTTP header), localhost:9003 (fallback through xdebug.client_host/xdebug.client_port).
[06-Jun-2024 19:04:23 UTC] Xdebug: [Step Debug] Could not connect to debugging client. Tried: ::1:9003 (from REMOTE_ADDR HTTP header), localhost:9003 (fallback through xdebug.client_host/xdebug.client_port).
[06-Jun-2024 19:04:23 UTC] Xdebug: [Step Debug] Could not connect to debugging client. Tried: ::1:9003 (from REMOTE_ADDR HTTP header), localhost:9003 (fallback through xdebug.client_host/xdebug.client_port).
[06-Jun-2024 19:04:23 UTC] Xdebug: [Step Debug] Could not connect to debugging client. Tried: ::1:9003 (from REMOTE_ADDR HTTP header), localhost:9003 (fallback through xdebug.client_host/xdebug.client_port).
[06-Jun-2024 19:04:48 UTC] Xdebug: [Step Debug] Could not connect to debugging client. Tried: ::1:9003 (from REMOTE_ADDR HTTP header), localhost:9003 (fallback through xdebug.client_host/xdebug.client_port).
[06-Jun-2024 19:04:48 UTC] Xdebug: [Step Debug] Could not connect to debugging client. Tried: ::1:9003 (from REMOTE_ADDR HTTP header), localhost:9003 (fallback through xdebug.client_host/xdebug.client_port).
[06-Jun-2024 19:04:48 UTC] Xdebug: [Step Debug] Could not connect to debugging client. Tried: ::1:9003 (from REMOTE_ADDR HTTP header), localhost:9003 (fallback through xdebug.client_host/xdebug.client_port).
[06-Jun-2024 19:04:48 UTC] PHP Fatal error:  Uncaught Error: Call to undefined function get_field() in /Users/amyrowell/Local Sites/kb-consulting/app/public/wp-content/themes/kbconsulting/front-page.php:33
Stack trace:
#0 /Users/amyrowell/Local Sites/kb-consulting/app/public/wp-includes/template-loader.php(106): include()
#1 /Users/amyrowell/Local Sites/kb-consulting/app/public/wp-blog-header.php(19): require_once('/Users/amyrowel...')
#2 /Users/amyrowell/Local Sites/kb-consulting/app/public/index.php(17): require('/Users/amyrowel...')
#3 {main}
  thrown in /Users/amyrowell/Local Sites/kb-consulting/app/public/wp-content/themes/kbconsulting/front-page.php on line 33
[06-Jun-2024 19:04:48 UTC] Xdebug: [Step Debug] Could not connect to debugging client. Tried: ::1:9003 (from REMOTE_ADDR HTTP header), localhost:9003 (fallback through xdebug.client_host/xdebug.client_port).
[06-Jun-2024 19:04:48 UTC] Xdebug: [Step Debug] Could not connect to debugging client. Tried: ::1:9003 (from REMOTE_ADDR HTTP header), localhost:9003 (fallback through xdebug.client_host/xdebug.client_port).
[06-Jun-2024 19:04:48 UTC] Xdebug: [Step Debug] Could not connect to debugging client. Tried: ::1:9003 (from REMOTE_ADDR HTTP header), localhost:9003 (fallback through xdebug.client_host/xdebug.client_port).
[06-Jun-2024 19:04:48 UTC] Xdebug: [Step Debug] Could not connect to debugging client. Tried: ::1:9003 (from REMOTE_ADDR HTTP header), localhost:9003 (fallback through xdebug.client_host/xdebug.client_port).
[06-Jun-2024 19:05:26 UTC] PHP Fatal error:  Uncaught Error: Call to undefined function get_field() in /Users/amyrowell/Local Sites/kb-consulting/app/public/wp-content/themes/kbconsulting/front-page.php:33
Stack trace:
#0 /Users/amyrowell/Local Sites/kb-consulting/app/public/wp-includes/template-loader.php(106): include()
#1 /Users/amyrowell/Local Sites/kb-consulting/app/public/wp-blog-header.php(19): require_once('/Users/amyrowel...')
#2 /Users/amyrowell/Local Sites/kb-consulting/app/public/index.php(17): require('/Users/amyrowel...')
#3 {main}
  thrown in /Users/amyrowell/Local Sites/kb-consulting/app/public/wp-content/themes/kbconsulting/front-page.php on line 33
[06-Jun-2024 19:05:26 UTC] Xdebug: [Step Debug] Could not connect to debugging client. Tried: ::1:9003 (from REMOTE_ADDR HTTP header), localhost:9003 (fallback through xdebug.client_host/xdebug.client_port).
[06-Jun-2024 19:05:26 UTC] Xdebug: [Step Debug] Could not connect to debugging client. Tried: ::1:9003 (from REMOTE_ADDR HTTP header), localhost:9003 (fallback through xdebug.client_host/xdebug.client_port).
[06-Jun-2024 19:05:26 UTC] Xdebug: [Step Debug] Could not connect to debugging client. Tried: ::1:9003 (from REMOTE_ADDR HTTP header), localhost:9003 (fallback through xdebug.client_host/xdebug.client_port).
[06-Jun-2024 19:05:26 UTC] Xdebug: [Step Debug] Could not connect to debugging client. Tried: ::1:9003 (from REMOTE_ADDR HTTP header), localhost:9003 (fallback through xdebug.client_host/xdebug.client_port).
[06-Jun-2024 19:05:26 UTC] Xdebug: [Step Debug] Could not connect to debugging client. Tried: ::1:9003 (from REMOTE_ADDR HTTP header), localhost:9003 (fallback through xdebug.client_host/xdebug.client_port).
[06-Jun-2024 19:05:26 UTC] Xdebug: [Step Debug] Could not connect to debugging client. Tried: ::1:9003 (from REMOTE_ADDR HTTP header), localhost:9003 (fallback through xdebug.client_host/xdebug.client_port).
[06-Jun-2024 19:05:26 UTC] Xdebug: [Step Debug] Could not connect to debugging client. Tried: ::1:9003 (from REMOTE_ADDR HTTP header), localhost:9003 (fallback through xdebug.client_host/xdebug.client_port).
[06-Jun-2024 19:09:30 UTC] PHP Fatal error:  Uncaught Error: Call to undefined function get_field() in /Users/amyrowell/Local Sites/kb-consulting/app/public/wp-content/themes/kbconsulting/front-page.php:33
Stack trace:
#0 /Users/amyrowell/Local Sites/kb-consulting/app/public/wp-includes/template-loader.php(106): include()
#1 /Users/amyrowell/Local Sites/kb-consulting/app/public/wp-blog-header.php(19): require_once('/Users/amyrowel...')
#2 /Users/amyrowell/Local Sites/kb-consulting/app/public/index.php(17): require('/Users/amyrowel...')
#3 {main}
  thrown in /Users/amyrowell/Local Sites/kb-consulting/app/public/wp-content/themes/kbconsulting/front-page.php on line 33
[06-Jun-2024 19:09:30 UTC] Xdebug: [Step Debug] Could not connect to debugging client. Tried: ::1:9003 (from REMOTE_ADDR HTTP header), localhost:9003 (fallback through xdebug.client_host/xdebug.client_port).
[06-Jun-2024 19:09:30 UTC] Xdebug: [Step Debug] Could not connect to debugging client. Tried: ::1:9003 (from REMOTE_ADDR HTTP header), localhost:9003 (fallback through xdebug.client_host/xdebug.client_port).
[06-Jun-2024 19:09:30 UTC] Xdebug: [Step Debug] Could not connect to debugging client. Tried: ::1:9003 (from REMOTE_ADDR HTTP header), localhost:9003 (fallback through xdebug.client_host/xdebug.client_port).
[06-Jun-2024 19:09:30 UTC] Xdebug: [Step Debug] Could not connect to debugging client. Tried: ::1:9003 (from REMOTE_ADDR HTTP header), localhost:9003 (fallback through xdebug.client_host/xdebug.client_port).
[06-Jun-2024 19:09:30 UTC] Xdebug: [Step Debug] Could not connect to debugging client. Tried: ::1:9003 (from REMOTE_ADDR HTTP header), localhost:9003 (fallback through xdebug.client_host/xdebug.client_port).
[06-Jun-2024 19:09:30 UTC] Xdebug: [Step Debug] Could not connect to debugging client. Tried: ::1:9003 (from REMOTE_ADDR HTTP header), localhost:9003 (fallback through xdebug.client_host/xdebug.client_port).
[06-Jun-2024 19:09:38 UTC] Xdebug: [Step Debug] Could not connect to debugging client. Tried: ::1:9003 (from REMOTE_ADDR HTTP header), localhost:9003 (fallback through xdebug.client_host/xdebug.client_port).
[06-Jun-2024 19:09:38 UTC] Xdebug: [Step Debug] Could not connect to debugging client. Tried: ::1:9003 (from REMOTE_ADDR HTTP header), localhost:9003 (fallback through xdebug.client_host/xdebug.client_port).
[06-Jun-2024 19:09:38 UTC] Xdebug: [Step Debug] Could not connect to debugging client. Tried: ::1:9003 (from REMOTE_ADDR HTTP header), localhost:9003 (fallback through xdebug.client_host/xdebug.client_port).
[06-Jun-2024 19:09:38 UTC] Xdebug: [Step Debug] Could not connect to debugging client. Tried: ::1:9003 (from REMOTE_ADDR HTTP header), localhost:9003 (fallback through xdebug.client_host/xdebug.client_port).
[06-Jun-2024 19:09:38 UTC] Xdebug: [Step Debug] Could not connect to debugging client. Tried: ::1:9003 (from REMOTE_ADDR HTTP header), localhost:9003 (fallback through xdebug.client_host/xdebug.client_port).
[06-Jun-2024 19:09:38 UTC] Xdebug: [Step Debug] Could not connect to debugging client. Tried: ::1:9003 (from REMOTE_ADDR HTTP header), localhost:9003 (fallback through xdebug.client_host/xdebug.client_port).
[06-Jun-2024 19:09:38 UTC] Xdebug: [Step Debug] Could not connect to debugging client. Tried: ::1:9003 (from REMOTE_ADDR HTTP header), localhost:9003 (fallback through xdebug.client_host/xdebug.client_port).
[06-Jun-2024 19:09:38 UTC] Xdebug: [Step Debug] Could not connect to debugging client. Tried: ::1:9003 (from REMOTE_ADDR HTTP header), localhost:9003 (fallback through xdebug.client_host/xdebug.client_port).
[06-Jun-2024 19:09:38 UTC] Xdebug: [Step Debug] Could not connect to debugging client. Tried: ::1:9003 (from REMOTE_ADDR HTTP header), localhost:9003 (fallback through xdebug.client_host/xdebug.client_port).
[06-Jun-2024 19:09:45 UTC] Xdebug: [Step Debug] Could not connect to debugging client. Tried: localhost:9003 (fallback through xdebug.client_host/xdebug.client_port).
[06-Jun-2024 19:09:45 UTC] Xdebug: [Step Debug] Could not connect to debugging client. Tried: localhost:9003 (fallback through xdebug.client_host/xdebug.client_port).
[06-Jun-2024 19:09:45 UTC] Xdebug: [Step Debug] Could not connect to debugging client. Tried: localhost:9003 (fallback through xdebug.client_host/xdebug.client_port).
[06-Jun-2024 19:09:45 UTC] Xdebug: [Step Debug] Could not connect to debugging client. Tried: localhost:9003 (fallback through xdebug.client_host/xdebug.client_port).
[06-Jun-2024 19:09:45 UTC] Xdebug: [Step Debug] Could not connect to debugging client. Tried: localhost:9003 (fallback through xdebug.client_host/xdebug.client_port).
[06-Jun-2024 19:09:45 UTC] Xdebug: [Step Debug] Could not connect to debugging client. Tried: localhost:9003 (fallback through xdebug.client_host/xdebug.client_port).
[06-Jun-2024 19:09:45 UTC] Xdebug: [Step Debug] Could not connect to debugging client. Tried: localhost:9003 (fallback through xdebug.client_host/xdebug.client_port).
[06-Jun-2024 19:09:45 UTC] Xdebug: [Step Debug] Could not connect to debugging client. Tried: localhost:9003 (fallback through xdebug.client_host/xdebug.client_port).
[06-Jun-2024 19:09:45 UTC] Xdebug: [Step Debug] Could not connect to debugging client. Tried: ::1:9003 (from REMOTE_ADDR HTTP header), localhost:9003 (fallback through xdebug.client_host/xdebug.client_port).
[06-Jun-2024 19:09:45 UTC] Xdebug: [Step Debug] Could not connect to debugging client. Tried: ::1:9003 (from REMOTE_ADDR HTTP header), localhost:9003 (fallback through xdebug.client_host/xdebug.client_port).
[06-Jun-2024 19:09:45 UTC] Xdebug: [Step Debug] Could not connect to debugging client. Tried: ::1:9003 (from REMOTE_ADDR HTTP header), localhost:9003 (fallback through xdebug.client_host/xdebug.client_port).
[06-Jun-2024 19:09:45 UTC] Xdebug: [Step Debug] Could not connect to debugging client. Tried: ::1:9003 (from REMOTE_ADDR HTTP header), localhost:9003 (fallback through xdebug.client_host/xdebug.client_port).
[06-Jun-2024 19:09:45 UTC] Xdebug: [Step Debug] Could not connect to debugging client. Tried: ::1:9003 (from REMOTE_ADDR HTTP header), localhost:9003 (fallback through xdebug.client_host/xdebug.client_port).
[06-Jun-2024 19:09:45 UTC] Xdebug: [Step Debug] Could not connect to debugging client. Tried: ::1:9003 (from REMOTE_ADDR HTTP header), localhost:9003 (fallback through xdebug.client_host/xdebug.client_port).
[06-Jun-2024 19:09:45 UTC] Xdebug: [Step Debug] Could not connect to debugging client. Tried: ::1:9003 (from REMOTE_ADDR HTTP header), localhost:9003 (fallback through xdebug.client_host/xdebug.client_port).
[06-Jun-2024 19:09:45 UTC] Xdebug: [Step Debug] Could not connect to debugging client. Tried: ::1:9003 (from REMOTE_ADDR HTTP header), localhost:9003 (fallback through xdebug.client_host/xdebug.client_port).
[06-Jun-2024 19:09:45 UTC] Xdebug: [Step Debug] Could not connect to debugging client. Tried: ::1:9003 (from REMOTE_ADDR HTTP header), localhost:9003 (fallback through xdebug.client_host/xdebug.client_port).
[06-Jun-2024 19:09:45 UTC] Xdebug: [Step Debug] Could not connect to debugging client. Tried: ::1:9003 (from REMOTE_ADDR HTTP header), localhost:9003 (fallback through xdebug.client_host/xdebug.client_port).
[06-Jun-2024 19:09:45 UTC] Xdebug: [Step Debug] Could not connect to debugging client. Tried: ::1:9003 (from REMOTE_ADDR HTTP header), localhost:9003 (fallback through xdebug.client_host/xdebug.client_port).
[06-Jun-2024 19:09:50 UTC] WordPress database error Server shutdown in progress for query UPDATE `wp_options` SET `option_value` = 'O:8:\"stdClass\":4:{s:7:\"updates\";a:1:{i:0;O:8:\"stdClass\":10:{s:8:\"response\";s:6:\"latest\";s:8:\"download\";s:59:\"https://downloads.wordpress.org/release/wordpress-6.5.4.zip\";s:6:\"locale\";s:5:\"en_US\";s:8:\"packages\";O:8:\"stdClass\":5:{s:4:\"full\";s:59:\"https://downloads.wordpress.org/release/wordpress-6.5.4.zip\";s:10:\"no_content\";s:70:\"https://downloads.wordpress.org/release/wordpress-6.5.4-no-content.zip\";s:11:\"new_bundled\";s:71:\"https://downloads.wordpress.org/release/wordpress-6.5.4-new-bundled.zip\";s:7:\"partial\";s:0:\"\";s:8:\"rollback\";s:0:\"\";}s:7:\"current\";s:5:\"6.5.4\";s:7:\"version\";s:5:\"6.5.4\";s:11:\"php_version\";s:5:\"7.0.0\";s:13:\"mysql_version\";s:3:\"5.0\";s:11:\"new_bundled\";s:3:\"6.4\";s:15:\"partial_version\";s:0:\"\";}}s:12:\"last_checked\";i:1717700990;s:15:\"version_checked\";s:5:\"6.5.4\";s:12:\"translations\";a:0:{}}', `autoload` = 'no' WHERE `option_name` = '_site_transient_update_core' made by include('phar:///Applications/Local.app/Contents/Resources/extraResources/bin/wp-cli/wp-cli.phar/php/boot-phar.php'), include('phar:///Applications/Local.app/Contents/Resources/extraResources/bin/wp-cli/wp-cli.phar/vendor/wp-cli/wp-cli/php/wp-cli.php'), WP_CLI\bootstrap, WP_CLI\Bootstrap\LaunchRunner->process, WP_CLI\Runner->start, WP_CLI\Runner->run_command_and_exit, WP_CLI\Runner->run_command, WP_CLI\Dispatcher\Subcommand->invoke, call_user_func, WP_CLI\Dispatcher\CommandFactory::WP_CLI\Dispatcher\{closure}, call_user_func, Core_Command->check_update, Core_Command->get_updates, wp_version_check, set_site_transient, update_site_option, update_network_option, update_option
[06-Jun-2024 19:09:50 UTC] Xdebug: [Step Debug] Could not connect to debugging client. Tried: localhost:9003 (fallback through xdebug.client_host/xdebug.client_port).
[06-Jun-2024 19:09:50 UTC] Xdebug: [Step Debug] Could not connect to debugging client. Tried: localhost:9003 (fallback through xdebug.client_host/xdebug.client_port).
[06-Jun-2024 19:09:50 UTC] Xdebug: [Step Debug] Could not connect to debugging client. Tried: localhost:9003 (fallback through xdebug.client_host/xdebug.client_port).
[06-Jun-2024 19:09:50 UTC] Xdebug: [Step Debug] Could not connect to debugging client. Tried: localhost:9003 (fallback through xdebug.client_host/xdebug.client_port).
[06-Jun-2024 19:09:53 UTC] PHP Warning:  mysqli_real_connect(): (HY000/2002): No such file or directory in /Users/amyrowell/Local Sites/kb-consulting/app/public/wp-includes/class-wpdb.php on line 1987
[06-Jun-2024 19:10:10 UTC] PHP Fatal error:  Uncaught Error: Call to undefined function get_field() in /Users/amyrowell/Local Sites/kb-consulting/app/public/wp-content/themes/kbconsulting/front-page.php:33
Stack trace:
#0 /Users/amyrowell/Local Sites/kb-consulting/app/public/wp-includes/template-loader.php(106): include()
#1 /Users/amyrowell/Local Sites/kb-consulting/app/public/wp-blog-header.php(19): require_once('/Users/amyrowel...')
#2 /Users/amyrowell/Local Sites/kb-consulting/app/public/index.php(17): require('/Users/amyrowel...')
#3 {main}
  thrown in /Users/amyrowell/Local Sites/kb-consulting/app/public/wp-content/themes/kbconsulting/front-page.php on line 33
[06-Jun-2024 19:10:17 UTC] PHP Fatal error:  Uncaught Error: Call to undefined function get_field() in /Users/amyrowell/Local Sites/kb-consulting/app/public/wp-content/themes/kbconsulting/front-page.php:33
Stack trace:
#0 /Users/amyrowell/Local Sites/kb-consulting/app/public/wp-includes/template-loader.php(106): include()
#1 /Users/amyrowell/Local Sites/kb-consulting/app/public/wp-blog-header.php(19): require_once('/Users/amyrowel...')
#2 /Users/amyrowell/Local Sites/kb-consulting/app/public/index.php(17): require('/Users/amyrowel...')
#3 {main}
  thrown in /Users/amyrowell/Local Sites/kb-consulting/app/public/wp-content/themes/kbconsulting/front-page.php on line 33
[06-Jun-2024 19:16:23 UTC] PHP Warning:  Attempt to read property "title" on null in /Users/amyrowell/Local Sites/kb-consulting/app/public/wp-includes/class-wp-customize-widgets.php on line 905
